app/build/intermediates/manifest_merge_blame_file/debug/manifest-merger-blame-debug-report.txt
1<?xml version="1.0" encoding="utf-8"?>
2<manifest xmlns:android="http://schemas.android.com/apk/res/android"
3    package="com.restaurantapp"
4    android:versionCode="1"
5    android:versionName="1.0" >
6
7    <uses-sdk
8        android:minSdkVersion="24"
9        android:targetSdkVersion="34" />
10
11    <uses-permission android:name="android.permission.INTERNET" />
11-->src\main\AndroidManifest.xml:6:5-67
11-->src\main\AndroidManifest.xml:6:22-64
12    <uses-permission android:name="android.permission.CAMERA" />
12-->src\main\AndroidManifest.xml:9:5-65
12-->src\main\AndroidManifest.xml:9:22-62
13
14    <uses-feature
14-->src\main\AndroidManifest.xml:10:5-12:36
15        android:name="android.hardware.camera"
15-->src\main\AndroidManifest.xml:11:9-47
16        android:required="false" />
16-->src\main\AndroidManifest.xml:12:9-33
17
18    <uses-permission android:name="android.permission.READ_MEDIA_IMAGES" />
18-->src\main\AndroidManifest.xml:15:5-76
18-->src\main\AndroidManifest.xml:15:22-73
19    <uses-permission
19-->src\main\AndroidManifest.xml:16:5-106
20        android:name="android.permission.READ_EXTERNAL_STORAGE"
20-->src\main\AndroidManifest.xml:16:22-77
21        android:maxSdkVersion="32" />
21-->src\main\AndroidManifest.xml:16:78-104
22    <uses-permission
22-->src\main\AndroidManifest.xml:17:5-107
23        android:name="android.permission.WRITE_EXTERNAL_STORAGE"
23-->src\main\AndroidManifest.xml:17:22-78
24        android:maxSdkVersion="28" />
24-->src\main\AndroidManifest.xml:17:79-105
25    <uses-permission android:name="android.permission.MANAGE_EXTERNAL_STORAGE" />
25-->src\main\AndroidManifest.xml:18:5-19:40
25-->src\main\AndroidManifest.xml:18:22-79
26
27    <permission
27-->[androidx.core:core:1.12.0] AndroidManifest.xml:22:5-24:47
28        android:name="com.restaurantapp.DYNAMIC_RECEIVER_NOT_EXPORTED_PERMISSION"
28-->[androidx.core:core:1.12.0] AndroidManifest.xml:23:9-81
29        android:protectionLevel="signature" />
29-->[androidx.core:core:1.12.0] AndroidManifest.xml:24:9-44
30
31    <uses-permission android:name="com.restaurantapp.DYNAMIC_RECEIVER_NOT_EXPORTED_PERMISSION" />
31-->[androidx.core:core:1.12.0] AndroidManifest.xml:26:5-97
31-->[androidx.core:core:1.12.0] AndroidManifest.xml:26:22-94
32
33    <application
33-->src\main\AndroidManifest.xml:21:5-56:19
34        android:name="com.restaurantapp.RestaurantApp"
34-->src\main\AndroidManifest.xml:22:9-38
35        android:allowBackup="true"
35-->src\main\AndroidManifest.xml:23:9-35
36        android:appComponentFactory="androidx.core.app.CoreComponentFactory"
36-->[androidx.core:core:1.12.0] AndroidManifest.xml:28:18-86
37        android:dataExtractionRules="@xml/data_extraction_rules"
37-->src\main\AndroidManifest.xml:24:9-65
38        android:debuggable="true"
39        android:extractNativeLibs="false"
40        android:fullBackupContent="@xml/backup_rules"
40-->src\main\AndroidManifest.xml:25:9-54
41        android:icon="@mipmap/ic_launcher"
41-->src\main\AndroidManifest.xml:26:9-43
42        android:label="@string/app_name"
42-->src\main\AndroidManifest.xml:27:9-41
43        android:requestLegacyExternalStorage="true"
43-->src\main\AndroidManifest.xml:30:9-52
44        android:roundIcon="@mipmap/ic_launcher_round"
44-->src\main\AndroidManifest.xml:28:9-54
45        android:supportsRtl="true"
45-->src\main\AndroidManifest.xml:29:9-35
46        android:testOnly="true"
47        android:theme="@style/Theme.RestaurantApp" >
47-->src\main\AndroidManifest.xml:31:9-51
48        <activity
48-->src\main\AndroidManifest.xml:34:9-43:20
49            android:name="com.restaurantapp.MainActivity"
49-->src\main\AndroidManifest.xml:35:13-41
50            android:exported="true"
50-->src\main\AndroidManifest.xml:36:13-36
51            android:label="@string/app_name"
51-->src\main\AndroidManifest.xml:37:13-45
52            android:theme="@style/Theme.RestaurantApp" >
52-->src\main\AndroidManifest.xml:38:13-55
53            <intent-filter>
53-->src\main\AndroidManifest.xml:39:13-42:29
54                <action android:name="android.intent.action.MAIN" />
54-->src\main\AndroidManifest.xml:40:17-69
54-->src\main\AndroidManifest.xml:40:25-66
55
56                <category android:name="android.intent.category.LAUNCHER" />
56-->src\main\AndroidManifest.xml:41:17-77
56-->src\main\AndroidManifest.xml:41:27-74
57            </intent-filter>
58        </activity>
59
60        <provider
61            android:name="androidx.core.content.FileProvider"
61-->src\main\AndroidManifest.xml:47:13-62
62            android:authorities="com.restaurantapp.provider"
62-->src\main\AndroidManifest.xml:48:13-60
63            android:exported="false"
63-->src\main\AndroidManifest.xml:49:13-37
64            android:grantUriPermissions="true" >
64-->src\main\AndroidManifest.xml:50:13-47
65            <meta-data
65-->src\main\AndroidManifest.xml:51:13-53:54
66                android:name="android.support.FILE_PROVIDER_PATHS"
66-->src\main\AndroidManifest.xml:52:17-67
67                android:resource="@xml/file_paths" />
67-->src\main\AndroidManifest.xml:53:17-51
68        </provider>
69
70        <service
70-->[androidx.camera:camera-camera2:1.3.1] AndroidManifest.xml:24:9-33:19
71            android:name="androidx.camera.core.impl.MetadataHolderService"
71-->[androidx.camera:camera-camera2:1.3.1] AndroidManifest.xml:25:13-75
72            android:enabled="false"
72-->[androidx.camera:camera-camera2:1.3.1] AndroidManifest.xml:26:13-36
73            android:exported="false" >
73-->[androidx.camera:camera-camera2:1.3.1] AndroidManifest.xml:27:13-37
74            <meta-data
74-->[androidx.camera:camera-camera2:1.3.1] AndroidManifest.xml:30:13-32:89
75                android:name="androidx.camera.core.impl.MetadataHolderService.DEFAULT_CONFIG_PROVIDER"
75-->[androidx.camera:camera-camera2:1.3.1] AndroidManifest.xml:31:17-103
76                android:value="androidx.camera.camera2.Camera2Config$DefaultProvider" />
76-->[androidx.camera:camera-camera2:1.3.1] AndroidManifest.xml:32:17-86
77        </service>
78
79        <activity
79-->[androidx.compose.ui:ui-test-manifest:1.6.0] AndroidManifest.xml:23:9-25:39
80            android:name="androidx.activity.ComponentActivity"
80-->[androidx.compose.ui:ui-test-manifest:1.6.0] AndroidManifest.xml:24:13-63
81            android:exported="true" />
81-->[androidx.compose.ui:ui-test-manifest:1.6.0] AndroidManifest.xml:25:13-36
82
83        <provider
83-->[androidx.emoji2:emoji2:1.3.0] AndroidManifest.xml:24:9-32:20
84            android:name="androidx.startup.InitializationProvider"
84-->[androidx.emoji2:emoji2:1.3.0] AndroidManifest.xml:25:13-67
85            android:authorities="com.restaurantapp.androidx-startup"
85-->[androidx.emoji2:emoji2:1.3.0] AndroidManifest.xml:26:13-68
86            android:exported="false" >
86-->[androidx.emoji2:emoji2:1.3.0] AndroidManifest.xml:27:13-37
87            <meta-data
87-->[androidx.emoji2:emoji2:1.3.0] AndroidManifest.xml:29:13-31:52
88                android:name="androidx.emoji2.text.EmojiCompatInitializer"
88-->[androidx.emoji2:emoji2:1.3.0] AndroidManifest.xml:30:17-75
89                android:value="androidx.startup" />
89-->[androidx.emoji2:emoji2:1.3.0] AndroidManifest.xml:31:17-49
90            <meta-data
90-->[androidx.lifecycle:lifecycle-process:2.7.0] AndroidManifest.xml:29:13-31:52
91                android:name="androidx.lifecycle.ProcessLifecycleInitializer"
91-->[androidx.lifecycle:lifecycle-process:2.7.0] AndroidManifest.xml:30:17-78
92                android:value="androidx.startup" />
92-->[androidx.lifecycle:lifecycle-process:2.7.0] AndroidManifest.xml:31:17-49
93            <meta-data
93-->[androidx.profileinstaller:profileinstaller:1.3.1] AndroidManifest.xml:29:13-31:52
94                android:name="androidx.profileinstaller.ProfileInstallerInitializer"
94-->[androidx.profileinstaller:profileinstaller:1.3.1] AndroidManifest.xml:30:17-85
95                android:value="androidx.startup" />
95-->[androidx.profileinstaller:profileinstaller:1.3.1] AndroidManifest.xml:31:17-49
96        </provider>
97
98        <activity
98-->[androidx.compose.ui:ui-tooling-android:1.6.0] AndroidManifest.xml:23:9-25:39
99            android:name="androidx.compose.ui.tooling.PreviewActivity"
99-->[androidx.compose.ui:ui-tooling-android:1.6.0] AndroidManifest.xml:24:13-71
100            android:exported="true" />
100-->[androidx.compose.ui:ui-tooling-android:1.6.0] AndroidManifest.xml:25:13-36
101
102        <service
102-->[androidx.room:room-runtime:2.6.0] AndroidManifest.xml:24:9-28:63
103            android:name="androidx.room.MultiInstanceInvalidationService"
103-->[androidx.room:room-runtime:2.6.0] AndroidManifest.xml:25:13-74
104            android:directBootAware="true"
104-->[androidx.room:room-runtime:2.6.0] AndroidManifest.xml:26:13-43
105            android:exported="false" />
105-->[androidx.room:room-runtime:2.6.0] AndroidManifest.xml:27:13-37
106
107        <receiver
107-->[androidx.profileinstaller:profileinstaller:1.3.1] AndroidManifest.xml:34:9-52:20
108            android:name="androidx.profileinstaller.ProfileInstallReceiver"
108-->[androidx.profileinstaller:profileinstaller:1.3.1] AndroidManifest.xml:35:13-76
109            android:directBootAware="false"
109-->[androidx.profileinstaller:profileinstaller:1.3.1] AndroidManifest.xml:36:13-44
110            android:enabled="true"
110-->[androidx.profileinstaller:profileinstaller:1.3.1] AndroidManifest.xml:37:13-35
111            android:exported="true"
111-->[androidx.profileinstaller:profileinstaller:1.3.1] AndroidManifest.xml:38:13-36
112            android:permission="android.permission.DUMP" >
112-->[androidx.profileinstaller:profileinstaller:1.3.1] AndroidManifest.xml:39:13-57
113            <intent-filter>
113-->[androidx.profileinstaller:profileinstaller:1.3.1] AndroidManifest.xml:40:13-42:29
114                <action android:name="androidx.profileinstaller.action.INSTALL_PROFILE" />
114-->[androidx.profileinstaller:profileinstaller:1.3.1] AndroidManifest.xml:41:17-91
114-->[androidx.profileinstaller:profileinstaller:1.3.1] AndroidManifest.xml:41:25-88
115            </intent-filter>
116            <intent-filter>
116-->[androidx.profileinstaller:profileinstaller:1.3.1] AndroidManifest.xml:43:13-45:29
117                <action android:name="androidx.profileinstaller.action.SKIP_FILE" />
117-->[androidx.profileinstaller:profileinstaller:1.3.1] AndroidManifest.xml:44:17-85
117-->[androidx.profileinstaller:profileinstaller:1.3.1] AndroidManifest.xml:44:25-82
118            </intent-filter>
119            <intent-filter>
119-->[androidx.profileinstaller:profileinstaller:1.3.1] AndroidManifest.xml:46:13-48:29
120                <action android:name="androidx.profileinstaller.action.SAVE_PROFILE" />
120-->[androidx.profileinstaller:profileinstaller:1.3.1] AndroidManifest.xml:47:17-88
120-->[androidx.profileinstaller:profileinstaller:1.3.1] AndroidManifest.xml:47:25-85
121            </intent-filter>
122            <intent-filter>
122-->[androidx.profileinstaller:profileinstaller:1.3.1] AndroidManifest.xml:49:13-51:29
123                <action android:name="androidx.profileinstaller.action.BENCHMARK_OPERATION" />
123-->[androidx.profileinstaller:profileinstaller:1.3.1] AndroidManifest.xml:50:17-95
123-->[androidx.profileinstaller:profileinstaller:1.3.1] AndroidManifest.xml:50:25-92
124            </intent-filter>
125        </receiver>
126    </application>
127
128</manifest>